\BOOKMARK [0][-]{chapter.1}{\376\377\000P\000E\000N\000D\000A\000H\000U\000L\000U\000A\000N}{}% 1
\BOOKMARK [1][-]{section.1.1}{\376\377\000L\000a\000t\000a\000r\000\040\000B\000e\000l\000a\000k\000a\000n\000g}{chapter.1}% 2
\BOOKMARK [1][-]{section.1.2}{\376\377\000P\000e\000r\000u\000m\000u\000s\000a\000n\000\040\000M\000a\000s\000a\000l\000a\000h}{chapter.1}% 3
\BOOKMARK [1][-]{section.1.3}{\376\377\000T\000u\000j\000u\000a\000n}{chapter.1}% 4
\BOOKMARK [1][-]{section.1.4}{\376\377\000B\000a\000t\000a\000s\000a\000n\000\040\000M\000a\000s\000a\000l\000a\000h}{chapter.1}% 5
\BOOKMARK [1][-]{section.1.5}{\376\377\000H\000i\000p\000o\000t\000e\000s\000i\000s}{chapter.1}% 6
\BOOKMARK [1][-]{section.1.6}{\376\377\000R\000e\000n\000c\000a\000n\000a\000\040\000K\000e\000g\000i\000a\000t\000a\000n}{chapter.1}% 7
\BOOKMARK [1][-]{section.1.7}{\376\377\000J\000a\000d\000w\000a\000l\000\040\000K\000e\000g\000i\000a\000t\000a\000n}{chapter.1}% 8
\BOOKMARK [0][-]{chapter.2}{\376\377\000K\000A\000J\000I\000A\000N\000\040\000P\000U\000S\000T\000A\000K\000A}{}% 9
\BOOKMARK [1][-]{section.2.1}{\376\377\000P\000e\000m\000e\000t\000a\000a\000n\000\040\000T\000a\000n\000a\000m\000a\000n\000\040\000P\000e\000r\000t\000a\000n\000i\000a\000n}{chapter.2}% 10
\BOOKMARK [1][-]{section.2.2}{\376\377\000S\000e\000m\000a\000n\000t\000i\000c\000\040\000S\000e\000g\000m\000e\000n\000t\000a\000t\000i\000o\000n}{chapter.2}% 11
\BOOKMARK [2][-]{subsection.2.2.1}{\376\377\000D\000e\000e\000p\000L\000a\000b\000V\0003\000+}{section.2.2}% 12
\BOOKMARK [2][-]{subsection.2.2.2}{\376\377\000S\000e\000g\000F\000o\000r\000m\000e\000r}{section.2.2}% 13
\BOOKMARK [2][-]{subsection.2.2.3}{\376\377\000A\000t\000t\000e\000n\000t\000i\000o\000n\000\040\000M\000e\000c\000h\000a\000n\000i\000s\000m}{section.2.2}% 14
\BOOKMARK [1][-]{section.2.3}{\376\377\000C\000i\000t\000r\000a\000\040\000S\000e\000n\000t\000i\000n\000e\000l\000-\0002\000\040\000d\000a\000n\000\040\000C\000r\000o\000p\000l\000a\000n\000d\000\040\000D\000a\000t\000a\000\040\000L\000a\000y\000e\000r\000\040\000\050\000C\000D\000L\000\051}{chapter.2}% 15
\BOOKMARK [2][-]{subsection.2.3.1}{\376\377\000C\000i\000t\000r\000a\000\040\000S\000p\000e\000k\000t\000r\000a\000l\000\040\000S\000e\000n\000t\000i\000n\000e\000l\000-\0002}{section.2.3}% 16
\BOOKMARK [2][-]{subsection.2.3.2}{\376\377\000P\000e\000n\000d\000e\000k\000a\000t\000a\000n\000\040\000M\000u\000l\000t\000i\000-\000T\000e\000m\000p\000o\000r\000a\000l}{section.2.3}% 17
\BOOKMARK [2][-]{subsection.2.3.3}{\376\377\000C\000r\000o\000p\000\040\000D\000a\000t\000a\000\040\000L\000a\000y\000e\000r\000\040\000\050\000C\000D\000L\000\051}{section.2.3}% 18
\BOOKMARK [1][-]{section.2.4}{\376\377\000P\000e\000n\000e\000l\000i\000t\000i\000a\000n\000\040\000T\000e\000r\000k\000a\000i\000t}{chapter.2}% 19
\BOOKMARK [0][-]{chapter.3}{\376\377\000M\000E\000T\000O\000D\000O\000L\000O\000G\000I\000\040\000D\000A\000N\000\040\000D\000E\000S\000A\000I\000N\000\040\000S\000I\000S\000T\000E\000M}{}% 20
\BOOKMARK [1][-]{section.3.1}{\376\377\000A\000r\000e\000a\000\040\000S\000t\000u\000d\000i\000\040\000S\000a\000c\000r\000a\000m\000e\000n\000t\000o\000\040\000V\000a\000l\000l\000e\000y}{chapter.3}% 21
\BOOKMARK [1][-]{section.3.2}{\376\377\000P\000e\000n\000g\000u\000m\000p\000u\000l\000a\000n\000\040\000D\000a\000t\000a}{chapter.3}% 22
\BOOKMARK [1][-]{section.3.3}{\376\377\000E\000k\000s\000p\000l\000o\000r\000a\000s\000i\000\040\000D\000a\000t\000a}{chapter.3}% 23
\BOOKMARK [2][-]{subsection.3.3.1}{\376\377\000V\000i\000s\000u\000a\000l\000i\000s\000a\000s\000i\000\040\000C\000i\000t\000r\000a}{section.3.3}% 24
\BOOKMARK [2][-]{subsection.3.3.2}{\376\377\000S\000t\000a\000t\000i\000s\000t\000i\000k\000\040\000D\000e\000s\000k\000r\000i\000p\000t\000i\000f}{section.3.3}% 25
\BOOKMARK [2][-]{subsection.3.3.3}{\376\377\000D\000a\000t\000a\000\040\000L\000a\000b\000e\000l\000\040\000C\000D\000L}{section.3.3}% 26
\BOOKMARK [2][-]{subsection.3.3.4}{\376\377\000H\000i\000s\000t\000o\000g\000r\000a\000m\000\040\000p\000e\000r\000\040\000B\000a\000n\000d\000\040\000d\000a\000n\000\040\000K\000o\000r\000e\000l\000a\000s\000i}{section.3.3}% 27
\BOOKMARK [2][-]{subsection.3.3.5}{\376\377\000P\000e\000r\000u\000b\000a\000h\000a\000n\000\040\000I\000n\000d\000e\000k\000s\000\040\000V\000e\000g\000e\000t\000a\000s\000i}{section.3.3}% 28
\BOOKMARK [1][-]{section.3.4}{\376\377\000D\000a\000t\000a\000\040\000P\000r\000e\000p\000r\000o\000c\000e\000s\000s\000i\000n\000g}{chapter.3}% 29
\BOOKMARK [2][-]{subsection.3.4.1}{\376\377\000C\000l\000o\000u\000d\000\040\000M\000a\000s\000k\000i\000n\000g\000\040\000d\000a\000n\000\040\000S\000h\000a\000d\000o\000w\000\040\000M\000a\000s\000k\000i\000n\000g}{section.3.4}% 30
\BOOKMARK [2][-]{subsection.3.4.2}{\376\377\000C\000i\000t\000r\000a\000\040\000K\000o\000m\000p\000o\000s\000i\000t\000\040\000T\000e\000m\000p\000o\000r\000a\000l}{section.3.4}% 31
\BOOKMARK [2][-]{subsection.3.4.3}{\376\377\000R\000e\000s\000a\000m\000p\000l\000i\000n\000g\000\040\000C\000i\000t\000r\000a}{section.3.4}% 32
\BOOKMARK [2][-]{subsection.3.4.4}{\376\377\000H\000i\000s\000t\000o\000g\000r\000a\000m\000\040\000M\000a\000t\000c\000h\000i\000n\000g}{section.3.4}% 33
\BOOKMARK [2][-]{subsection.3.4.5}{\376\377\000P\000a\000t\000c\000h\000i\000n\000g\000\040\000d\000a\000n\000\040\000N\000o\000r\000m\000a\000l\000i\000s\000a\000s\000i\000\040\000C\000i\000t\000r\000a}{section.3.4}% 34
\BOOKMARK [2][-]{subsection.3.4.6}{\376\377\000S\000e\000l\000e\000k\000s\000i\000\040\000B\000a\000n\000d\000\040\000S\000p\000e\000k\000t\000r\000a\000l\040\023\000T\000e\000m\000p\000o\000r\000a\000l}{section.3.4}% 35
\BOOKMARK [2][-]{subsection.3.4.7}{\376\377\000L\000a\000b\000e\000l\000\040\000F\000i\000l\000t\000e\000r\000i\000n\000g}{section.3.4}% 36
\BOOKMARK [1][-]{section.3.5}{\376\377\000P\000e\000l\000a\000t\000i\000h\000a\000n\000\040\000M\000o\000d\000e\000l}{chapter.3}% 37
\BOOKMARK [2][-]{subsection.3.5.1}{\376\377\000P\000e\000n\000e\000r\000a\000p\000a\000n\000\040\000A\000t\000t\000e\000n\000t\000i\000o\000n\000\040\000M\000e\000c\000h\000a\000n\000i\000s\000m}{section.3.5}% 38
\BOOKMARK [2][-]{subsection.3.5.2}{\376\377\000S\000k\000e\000n\000a\000r\000i\000o\000\040\000P\000e\000l\000a\000t\000i\000h\000a\000n}{section.3.5}% 39
\BOOKMARK [2][-]{subsection.3.5.3}{\376\377\000H\000y\000p\000e\000r\000p\000a\000r\000a\000m\000e\000t\000e\000r\000\040\000T\000u\000n\000i\000n\000g}{section.3.5}% 40
\BOOKMARK [1][-]{section.3.6}{\376\377\000E\000v\000a\000l\000u\000a\000s\000i}{chapter.3}% 41
\BOOKMARK [0][-]{chapter.4}{\376\377\000H\000A\000S\000I\000L\000\040\000D\000A\000N\000\040\000P\000E\000M\000B\000A\000H\000A\000S\000A\000N}{}% 42
\BOOKMARK [1][-]{section.4.1}{\376\377\000H\000a\000s\000i\000l\000\040\000E\000k\000s\000p\000e\000r\000i\000m\000e\000n}{chapter.4}% 43
\BOOKMARK [1][-]{section.4.2}{\376\377\000A\000n\000a\000l\000i\000s\000i\000s\000\040\000H\000a\000s\000i\000l}{chapter.4}% 44
\BOOKMARK [2][-]{subsection.4.2.1}{\376\377\000P\000e\000r\000b\000a\000n\000d\000i\000n\000g\000a\000n\000\040\000P\000e\000r\000f\000o\000r\000m\000a\000\040\000M\000o\000d\000e\000l}{section.4.2}% 45
\BOOKMARK [2][-]{subsection.4.2.2}{\376\377\000P\000e\000n\000g\000a\000r\000u\000h\000\040\000D\000a\000t\000a\000\040\000M\000u\000l\000t\000i\000-\000T\000e\000m\000p\000o\000r\000a\000l}{section.4.2}% 46
\BOOKMARK [2][-]{subsection.4.2.3}{\376\377\000A\000n\000a\000l\000i\000s\000i\000s\000\040\000K\000e\000s\000a\000l\000a\000h\000a\000n}{section.4.2}% 47
\BOOKMARK [0][-]{chapter.5}{\376\377\000K\000E\000S\000I\000M\000P\000U\000L\000A\000N\000\040\000D\000A\000N\000\040\000S\000A\000R\000A\000N}{}% 48
\BOOKMARK [1][-]{section.5.1}{\376\377\000K\000e\000s\000i\000m\000p\000u\000l\000a\000n}{chapter.5}% 49
\BOOKMARK [1][-]{section.5.2}{\376\377\000S\000a\000r\000a\000n}{chapter.5}% 50
