This is pdfTeX, Version 3.141592653-2.6-1.40.27 (TeX Live 2025) (preloaded format=pdflatex 2025.12.9)  19 MAR 2026 19:57
entering extended mode
 restricted \write18 enabled.
 file:line:error style messages enabled.
 %&-line parsing enabled.
**/Users/dikaizm/Documents/PROGRAMMING/ml-ai/research-crop-mapping-thesis/research-crop-mapping-geoai/documents/thesis/main.tex
(/Users/dikaizm/Documents/PROGRAMMING/ml-ai/research-crop-mapping-thesis/research-crop-mapping-geoai/documents/thesis/main.tex
LaTeX2e <2024-11-01> patch level 2
L3 programming layer <2025-01-18>
(/usr/local/texlive/2025/texmf-dist/tex/latex/base/report.cls
Document Class: report 2024/06/29 v1.4n Standard LaTeX document class
(/usr/local/texlive/2025/texmf-dist/tex/latex/base/size12.clo
File: size12.clo 2024/06/29 v1.4n Standard LaTeX file (size option)
)
\c@part=\count196
\c@chapter=\count197
\c@section=\count198
\c@subsection=\count199
\c@subsubsection=\count266
\c@paragraph=\count267
\c@subparagraph=\count268
\c@figure=\count269
\c@table=\count270
\abovecaptionskip=\skip49
\belowcaptionskip=\skip50
\bibindent=\dimen141
) (/usr/local/texlive/2025/texmf-dist/tex/latex/base/inputenc.sty
Package: inputenc 2024/02/08 v1.3d Input encoding file
\inpenc@prehook=\toks17
\inpenc@posthook=\toks18
) (/usr/local/texlive/2025/texmf-dist/tex/generic/babel/babel.sty
Package: babel 2025/02/14 v25.4 The multilingual framework for pdfLaTeX, LuaLaTeX and XeLaTeX
\babel@savecnt=\count271
\U@D=\dimen142
\l@unhyphenated=\language90
 (/usr/local/texlive/2025/texmf-dist/tex/generic/babel/txtbabel.def)
\bbl@readstream=\read2
\bbl@dirlevel=\count272
 (/usr/local/texlive/2025/texmf-dist/tex/generic/babel-indonesian/bahasa.ldf
Language: bahasa 2017/02/15 v1.0m Bahasa Indonesia support from the babel system
 (/usr/local/texlive/2025/texmf-dist/tex/generic/babel-indonesian/indonesian.ldf
Language: indonesian 2017/02/15 v1.0m Bahasa Indonesia support from the babel system
))) (/usr/local/texlive/2025/texmf-dist/tex/latex/graphics/graphicx.sty
Package: graphicx 2021/09/16 v1.2d Enhanced LaTeX Graphics (DPC,SPQR)
 (/usr/local/texlive/2025/texmf-dist/tex/latex/graphics/keyval.sty
Package: keyval 2022/05/29 v1.15 key=value parser (DPC)
\KV@toks@=\toks19
) (/usr/local/texlive/2025/texmf-dist/tex/latex/graphics/graphics.sty
Package: graphics 2024/08/06 v1.4g Standard LaTeX Graphics (DPC,SPQR)
 (/usr/local/texlive/2025/texmf-dist/tex/latex/graphics/trig.sty
Package: trig 2023/12/02 v1.11 sin cos tan (DPC)
) (/usr/local/texlive/2025/texmf-dist/tex/latex/graphics-cfg/graphics.cfg
File: graphics.cfg 2016/06/04 v1.11 sample graphics configuration
)
Package graphics Info: Driver file: pdftex.def on input line 106.
 (/usr/local/texlive/2025/texmf-dist/tex/latex/graphics-def/pdftex.def
File: pdftex.def 2024/04/13 v1.2c Graphics/color driver for pdftex
))
\Gin@req@height=\dimen143
\Gin@req@width=\dimen144
) (/usr/local/texlive/2025/texmf-dist/tex/latex/booktabs/booktabs.sty
Package: booktabs 2020/01/12 v1.61803398 Publication quality tables
\heavyrulewidth=\dimen145
\lightrulewidth=\dimen146
\cmidrulewidth=\dimen147
\belowrulesep=\dimen148
\belowbottomsep=\dimen149
\aboverulesep=\dimen150
\abovetopsep=\dimen151
\cmidrulesep=\dimen152
\cmidrulekern=\dimen153
\defaultaddspace=\dimen154
\@cmidla=\count273
\@cmidlb=\count274
\@aboverulesep=\dimen155
\@belowrulesep=\dimen156
\@thisruleclass=\count275
\@lastruleclass=\count276
\@thisrulewidth=\dimen157
) (/usr/local/texlive/2025/texmf-dist/tex/latex/geometry/geometry.sty
Package: geometry 2020/01/02 v5.9 Page Geometry
 (/usr/local/texlive/2025/texmf-dist/tex/generic/iftex/ifvtex.sty
Package: ifvtex 2019/10/25 v1.7 ifvtex legacy package. Use iftex instead.
 (/usr/local/texlive/2025/texmf-dist/tex/generic/iftex/iftex.sty
Package: iftex 2024/12/12 v1.0g TeX engine tests
))
\Gm@cnth=\count277
\Gm@cntv=\count278
\c@Gm@tempcnt=\count279
\Gm@bindingoffset=\dimen158
\Gm@wd@mp=\dimen159
\Gm@odd@mp=\dimen160
\Gm@even@mp=\dimen161
\Gm@layoutwidth=\dimen162
\Gm@layoutheight=\dimen163
\Gm@layouthoffset=\dimen164
\Gm@layoutvoffset=\dimen165
\Gm@dimlist=\toks20
) (/usr/local/texlive/2025/texmf-dist/tex/latex/setspace/setspace.sty
Package: setspace 2022/12/04 v6.7b set line spacing
) (/usr/local/texlive/2025/texmf-dist/tex/latex/titlesec/titlesec.sty
Package: titlesec 2025/01/04 v2.17 Sectioning titles
\ttl@box=\box52
\beforetitleunit=\skip51
\aftertitleunit=\skip52
\ttl@plus=\dimen166
\ttl@minus=\dimen167
\ttl@toksa=\toks21
\titlewidth=\dimen168
\titlewidthlast=\dimen169
\titlewidthfirst=\dimen170
) (/usr/local/texlive/2025/texmf-dist/tex/latex/natbib/natbib.sty
Package: natbib 2010/09/13 8.31b (PWD, AO)
\bibhang=\skip53
\bibsep=\skip54
LaTeX Info: Redefining \cite on input line 694.
\c@NAT@ctr=\count280
) (/usr/local/texlive/2025/texmf-dist/tex/latex/hyperref/hyperref.sty
Package: hyperref 2024-11-05 v7.01l Hypertext links for LaTeX
 (/usr/local/texlive/2025/texmf-dist/tex/latex/kvsetkeys/kvsetkeys.sty
Package: kvsetkeys 2022-10-05 v1.19 Key value parser (HO)
) (/usr/local/texlive/2025/texmf-dist/tex/generic/kvdefinekeys/kvdefinekeys.sty
Package: kvdefinekeys 2019-12-19 v1.6 Define keys (HO)
) (/usr/local/texlive/2025/texmf-dist/tex/generic/pdfescape/pdfescape.sty
Package: pdfescape 2019/12/09 v1.15 Implements pdfTeX's escape features (HO)
 (/usr/local/texlive/2025/texmf-dist/tex/generic/ltxcmds/ltxcmds.sty
Package: ltxcmds 2023-12-04 v1.26 LaTeX kernel commands for general use (HO)
) (/usr/local/texlive/2025/texmf-dist/tex/generic/pdftexcmds/pdftexcmds.sty
Package: pdftexcmds 2020-06-27 v0.33 Utility functions of pdfTeX for LuaTeX (HO)
 (/usr/local/texlive/2025/texmf-dist/tex/generic/infwarerr/infwarerr.sty
Package: infwarerr 2019/12/03 v1.5 Providing info/warning/error messages (HO)
)
Package pdftexcmds Info: \pdf@primitive is available.
Package pdftexcmds Info: \pdf@ifprimitive is available.
Package pdftexcmds Info: \pdfdraftmode found.
)) (/usr/local/texlive/2025/texmf-dist/tex/latex/hycolor/hycolor.sty
Package: hycolor 2020-01-27 v1.10 Color options for hyperref/bookmark (HO)
) (/usr/local/texlive/2025/texmf-dist/tex/latex/hyperref/nameref.sty
Package: nameref 2023-11-26 v2.56 Cross-referencing by name of section
 (/usr/local/texlive/2025/texmf-dist/tex/latex/refcount/refcount.sty
Package: refcount 2019/12/15 v3.6 Data extraction from label references (HO)
) (/usr/local/texlive/2025/texmf-dist/tex/generic/gettitlestring/gettitlestring.sty
Package: gettitlestring 2019/12/15 v1.6 Cleanup title references (HO)
 (/usr/local/texlive/2025/texmf-dist/tex/latex/kvoptions/kvoptions.sty
Package: kvoptions 2022-06-15 v3.15 Key value format for package options (HO)
))
\c@section@level=\count281
) (/usr/local/texlive/2025/texmf-dist/tex/latex/etoolbox/etoolbox.sty
Package: etoolbox 2025/02/11 v2.5l e-TeX tools for LaTeX (JAW)
\etb@tempcnta=\count282
) (/usr/local/texlive/2025/texmf-dist/tex/generic/stringenc/stringenc.sty
Package: stringenc 2019/11/29 v1.12 Convert strings between diff. encodings (HO)
)
\@linkdim=\dimen171
\Hy@linkcounter=\count283
\Hy@pagecounter=\count284
 (/usr/local/texlive/2025/texmf-dist/tex/latex/hyperref/pd1enc.def
File: pd1enc.def 2024-11-05 v7.01l Hyperref: PDFDocEncoding definition (HO)
Now handling font encoding PD1 ...
... no UTF-8 mapping file for font encoding PD1
) (/usr/local/texlive/2025/texmf-dist/tex/generic/intcalc/intcalc.sty
Package: intcalc 2019/12/15 v1.3 Expandable calculations with integers (HO)
)
\Hy@SavedSpaceFactor=\count285
 (/usr/local/texlive/2025/texmf-dist/tex/latex/hyperref/puenc.def
File: puenc.def 2024-11-05 v7.01l Hyperref: PDF Unicode definition (HO)
Now handling font encoding PU ...
... no UTF-8 mapping file for font encoding PU
)
Package hyperref Info: Hyper figures OFF on input line 4157.
Package hyperref Info: Link nesting OFF on input line 4162.
Package hyperref Info: Hyper index ON on input line 4165.
Package hyperref Info: Plain pages OFF on input line 4172.
Package hyperref Info: Backreferencing OFF on input line 4177.
Package hyperref Info: Implicit mode ON; LaTeX internals redefined.
Package hyperref Info: Bookmarks ON on input line 4424.
\c@Hy@tempcnt=\count286
 (/usr/local/texlive/2025/texmf-dist/tex/latex/url/url.sty
\Urlmuskip=\muskip17
Package: url 2013/09/16  ver 3.4  Verb mode for urls, etc.
)
LaTeX Info: Redefining \url on input line 4763.
\XeTeXLinkMargin=\dimen172
 (/usr/local/texlive/2025/texmf-dist/tex/generic/bitset/bitset.sty
Package: bitset 2019/12/09 v1.3 Handle bit-vector datatype (HO)
 (/usr/local/texlive/2025/texmf-dist/tex/generic/bigintcalc/bigintcalc.sty
Package: bigintcalc 2019/12/15 v1.5 Expandable calculations on big integers (HO)
))
\Fld@menulength=\count287
\Field@Width=\dimen173
\Fld@charsize=\dimen174
Package hyperref Info: Hyper figures OFF on input line 6042.
Package hyperref Info: Link nesting OFF on input line 6047.
Package hyperref Info: Hyper index ON on input line 6050.
Package hyperref Info: backreferencing OFF on input line 6057.
Package hyperref Info: Link coloring OFF on input line 6062.
Package hyperref Info: Link coloring with OCG OFF on input line 6067.
Package hyperref Info: PDF/A mode OFF on input line 6072.
 (/usr/local/texlive/2025/texmf-dist/tex/latex/base/atbegshi-ltx.sty
Package: atbegshi-ltx 2021/01/10 v1.0c Emulation of the original atbegshi
package with kernel methods
)
\Hy@abspage=\count288
\c@Item=\count289
\c@Hfootnote=\count290
)
Package hyperref Info: Driver (autodetected): hpdftex.
 (/usr/local/texlive/2025/texmf-dist/tex/latex/hyperref/hpdftex.def
File: hpdftex.def 2024-11-05 v7.01l Hyperref driver for pdfTeX
 (/usr/local/texlive/2025/texmf-dist/tex/latex/base/atveryend-ltx.sty
Package: atveryend-ltx 2020/08/19 v1.0a Emulation of the original atveryend package
with kernel methods
)
\Fld@listcount=\count291
\c@bookmark@seq@number=\count292
 (/usr/local/texlive/2025/texmf-dist/tex/latex/rerunfilecheck/rerunfilecheck.sty
Package: rerunfilecheck 2022-07-10 v1.10 Rerun checks for auxiliary files (HO)
 (/usr/local/texlive/2025/texmf-dist/tex/generic/uniquecounter/uniquecounter.sty
Package: uniquecounter 2019/12/15 v1.4 Provide unlimited unique counter (HO)
)
Package uniquecounter Info: New unique counter `rerunfilecheck' on input line 285.
)
\Hy@SectionHShift=\skip55
) (/usr/local/texlive/2025/texmf-dist/tex/latex/caption/caption.sty
Package: caption 2023/08/05 v3.6o Customizing captions (AR)
 (/usr/local/texlive/2025/texmf-dist/tex/latex/caption/caption3.sty
Package: caption3 2023/07/31 v2.4d caption3 kernel (AR)
\caption@tempdima=\dimen175
\captionmargin=\dimen176
\caption@leftmargin=\dimen177
\caption@rightmargin=\dimen178
\caption@width=\dimen179
\caption@indent=\dimen180
\caption@parindent=\dimen181
\caption@hangindent=\dimen182
Package caption Info: Standard document class detected.
)
\c@caption@flags=\count293
\c@continuedfloat=\count294
Package caption Info: hyperref package is loaded.
) (/usr/local/texlive/2025/texmf-dist/tex/latex/caption/subcaption.sty
Package: subcaption 2023/07/28 v1.6b Sub-captions (AR)
Package caption Info: New subtype `subfigure' on input line 238.
\c@subfigure=\count295
Package caption Info: New subtype `subtable' on input line 238.
\c@subtable=\count296
) (/usr/local/texlive/2025/texmf-dist/tex/latex/tools/tabularx.sty
Package: tabularx 2023/12/11 v2.12a `tabularx' package (DPC)
 (/usr/local/texlive/2025/texmf-dist/tex/latex/tools/array.sty
Package: array 2024/10/17 v2.6g Tabular extension package (FMi)
\col@sep=\dimen183
\ar@mcellbox=\box53
\extrarowheight=\dimen184
\NC@list=\toks22
\extratabsurround=\skip56
\backup@length=\skip57
\ar@cellbox=\box54
)
\TX@col@width=\dimen185
\TX@old@table=\dimen186
\TX@old@col=\dimen187
\TX@target=\dimen188
\TX@delta=\dimen189
\TX@cols=\count297
\TX@ftn=\toks23
) (/usr/local/texlive/2025/texmf-dist/tex/latex/tools/longtable.sty
Package: longtable 2024-10-27 v4.22 Multi-page Table package (DPC)
\LTleft=\skip58
\LTright=\skip59
\LTpre=\skip60
\LTpost=\skip61
\LTchunksize=\count298
\LTcapwidth=\dimen190
\LT@head=\box55
\LT@firsthead=\box56
\LT@foot=\box57
\LT@lastfoot=\box58
\LT@gbox=\box59
\LT@cols=\count299
\LT@rows=\count300
\c@LT@tables=\count301
\c@LT@chunks=\count302
\LT@p@ftn=\toks24
) (/usr/local/texlive/2025/texmf-dist/tex/latex/amsmath/amsmath.sty
Package: amsmath 2024/11/05 v2.17t AMS math features
\@mathmargin=\skip62

For additional information on amsmath, use the `?' option.
(/usr/local/texlive/2025/texmf-dist/tex/latex/amsmath/amstext.sty
Package: amstext 2021/08/26 v2.01 AMS text
 (/usr/local/texlive/2025/texmf-dist/tex/latex/amsmath/amsgen.sty
File: amsgen.sty 1999/11/30 v2.0 generic functions
\@emptytoks=\toks25
\ex@=\dimen191
)) (/usr/local/texlive/2025/texmf-dist/tex/latex/amsmath/amsbsy.sty
Package: amsbsy 1999/11/29 v1.2d Bold Symbols
\pmbraise@=\dimen192
) (/usr/local/texlive/2025/texmf-dist/tex/latex/amsmath/amsopn.sty
Package: amsopn 2022/04/08 v2.04 operator names
)
\inf@bad=\count303
LaTeX Info: Redefining \frac on input line 233.
\uproot@=\count304
\leftroot@=\count305
LaTeX Info: Redefining \overline on input line 398.
LaTeX Info: Redefining \colon on input line 409.
\classnum@=\count306
\DOTSCASE@=\count307
LaTeX Info: Redefining \ldots on input line 495.
LaTeX Info: Redefining \dots on input line 498.
LaTeX Info: Redefining \cdots on input line 619.
\Mathstrutbox@=\box60
\strutbox@=\box61
LaTeX Info: Redefining \big on input line 721.
LaTeX Info: Redefining \Big on input line 722.
LaTeX Info: Redefining \bigg on input line 723.
LaTeX Info: Redefining \Bigg on input line 724.
\big@size=\dimen193
LaTeX Font Info:    Redeclaring font encoding OML on input line 742.
LaTeX Font Info:    Redeclaring font encoding OMS on input line 743.
\macc@depth=\count308
LaTeX Info: Redefining \bmod on input line 904.
LaTeX Info: Redefining \pmod on input line 909.
LaTeX Info: Redefining \smash on input line 939.
LaTeX Info: Redefining \relbar on input line 969.
LaTeX Info: Redefining \Relbar on input line 970.
\c@MaxMatrixCols=\count309
\dotsspace@=\muskip18
\c@parentequation=\count310
\dspbrk@lvl=\count311
\tag@help=\toks26
\row@=\count312
\column@=\count313
\maxfields@=\count314
\andhelp@=\toks27
\eqnshift@=\dimen194
\alignsep@=\dimen195
\tagshift@=\dimen196
\tagwidth@=\dimen197
\totwidth@=\dimen198
\lineht@=\dimen199
\@envbody=\toks28
\multlinegap=\skip63
\multlinetaggap=\skip64
\mathdisplay@stack=\toks29
LaTeX Info: Redefining \[ on input line 2953.
LaTeX Info: Redefining \] on input line 2954.
) (/usr/local/texlive/2025/texmf-dist/tex/latex/amsfonts/amssymb.sty
Package: amssymb 2013/01/14 v3.01 AMS font symbols
 (/usr/local/texlive/2025/texmf-dist/tex/latex/amsfonts/amsfonts.sty
Package: amsfonts 2013/01/14 v3.01 Basic AMSFonts support
\symAMSa=\mathgroup4
\symAMSb=\mathgroup5
LaTeX Font Info:    Redeclaring math symbol \hbar on input line 98.
LaTeX Font Info:    Overwriting math alphabet `\mathfrak' in version `bold'
(Font)                  U/euf/m/n --> U/euf/b/n on input line 106.
)) (/usr/local/texlive/2025/texmf-dist/tex/latex/float/float.sty
Package: float 2001/11/08 v1.3d Float enhancements (AL)
\c@float@type=\count315
\float@exts=\toks30
\float@box=\box62
\@float@everytoks=\toks31
\@floatcapt=\box63
) (/usr/local/texlive/2025/texmf-dist/tex/latex/multirow/multirow.sty
Package: multirow 2024/11/12 v2.9 Span multiple rows of a table
\multirow@colwidth=\skip65
\multirow@cntb=\count316
\multirow@dima=\skip66
\bigstrutjot=\dimen256
) (/usr/local/texlive/2025/texmf-dist/tex/latex/l3backend/l3backend-pdftex.def
File: l3backend-pdftex.def 2024-05-08 L3 backend support: PDF output (pdfTeX)
\l__color_backend_stack_int=\count317
\l__pdf_internal_box=\box64
) (./main.aux)
\openout1 = `main.aux'.

LaTeX Font Info:    Checking defaults for OML/cmm/m/it on input line 40.
LaTeX Font Info:    ... okay on input line 40.
LaTeX Font Info:    Checking defaults for OMS/cmsy/m/n on input line 40.
LaTeX Font Info:    ... okay on input line 40.
LaTeX Font Info:    Checking defaults for OT1/cmr/m/n on input line 40.
LaTeX Font Info:    ... okay on input line 40.
LaTeX Font Info:    Checking defaults for T1/cmr/m/n on input line 40.
LaTeX Font Info:    ... okay on input line 40.
LaTeX Font Info:    Checking defaults for TS1/cmr/m/n on input line 40.
LaTeX Font Info:    ... okay on input line 40.
LaTeX Font Info:    Checking defaults for OMX/cmex/m/n on input line 40.
LaTeX Font Info:    ... okay on input line 40.
LaTeX Font Info:    Checking defaults for U/cmr/m/n on input line 40.
LaTeX Font Info:    ... okay on input line 40.
LaTeX Font Info:    Checking defaults for PD1/pdf/m/n on input line 40.
LaTeX Font Info:    ... okay on input line 40.
LaTeX Font Info:    Checking defaults for PU/pdf/m/n on input line 40.
LaTeX Font Info:    ... okay on input line 40.
 (/usr/local/texlive/2025/texmf-dist/tex/context/base/mkii/supp-pdf.mkii
[Loading MPS to PDF converter (version 2006.09.02).]
\scratchcounter=\count318
\scratchdimen=\dimen257
\scratchbox=\box65
\nofMPsegments=\count319
\nofMParguments=\count320
\everyMPshowfont=\toks32
\MPscratchCnt=\count321
\MPscratchDim=\dimen258
\MPnumerator=\count322
\makeMPintoPDFobject=\count323
\everyMPtoPDFconversion=\toks33
) (/usr/local/texlive/2025/texmf-dist/tex/latex/epstopdf-pkg/epstopdf-base.sty
Package: epstopdf-base 2020-01-24 v2.11 Base part for package epstopdf
Package epstopdf-base Info: Redefining graphics rule for `.eps' on input line 485.
 (/usr/local/texlive/2025/texmf-dist/tex/latex/latexconfig/epstopdf-sys.cfg
File: epstopdf-sys.cfg 2010/07/13 v1.3 Configuration of (r)epstopdf for TeX Live
))
*geometry* driver: auto-detecting
*geometry* detected driver: pdftex
*geometry* verbose mode - [ preamble ] result:
* driver: pdftex
* paper: a4paper
* layout: <same size as paper>
* layoutoffset:(h,v)=(0.0pt,0.0pt)
* modes: 
* h-part:(L,W,R)=(113.81102pt, 398.3386pt, 85.35826pt)
* v-part:(T,H,B)=(85.35826pt, 674.33032pt, 85.35826pt)
* \paperwidth=597.50787pt
* \paperheight=845.04684pt
* \textwidth=398.3386pt
* \textheight=674.33032pt
* \oddsidemargin=41.54103pt
* \evensidemargin=41.54103pt
* \topmargin=-23.91173pt
* \headheight=12.0pt
* \headsep=25.0pt
* \topskip=12.0pt
* \footskip=30.0pt
* \marginparwidth=35.0pt
* \marginparsep=10.0pt
* \columnsep=10.0pt
* \skip\footins=10.8pt plus 4.0pt minus 2.0pt
* \hoffset=0.0pt
* \voffset=0.0pt
* \mag=1000
* \@twocolumnfalse
* \@twosidefalse
* \@mparswitchfalse
* \@reversemarginfalse
* (1in=72.27pt=25.4mm, 1cm=28.453pt)

Package hyperref Info: Link coloring OFF on input line 40.
(./main.out) (./main.out)
\@outlinefile=\write3
\openout3 = `main.out'.

Package caption Info: Begin \AtBeginDocument code.
Package caption Info: float package is loaded.
Package caption Info: longtable package is loaded.
 (/usr/local/texlive/2025/texmf-dist/tex/latex/caption/ltcaption.sty
Package: ltcaption 2021/01/08 v1.4c longtable captions (AR)
)
Package caption Info: End \AtBeginDocument code.


[1

{/usr/local/texlive/2025/texmf-var/fonts/map/pdftex/updmap/pdftex.map}]
LaTeX Font Info:    Trying to load font information for U+msa on input line 102.
 (/usr/local/texlive/2025/texmf-dist/tex/latex/amsfonts/umsa.fd
File: umsa.fd 2013/01/14 v3.01 AMS symbols A
)
LaTeX Font Info:    Trying to load font information for U+msb on input line 102.
 (/usr/local/texlive/2025/texmf-dist/tex/latex/amsfonts/umsb.fd
File: umsb.fd 2013/01/14 v3.01 AMS symbols B
)


pdfTeX warning (ext4): destination with the same identifier (name{page.1}) has been already used, duplicate ignored
<to be read again> 
                   \relax 
l.106 \chapter
              *{Abstrak} [1

] (./chapters/abstract.tex)

[2

] (./main.toc

[3

]

[4])
\tf@toc=\write4
\openout4 = `main.toc'.



[5] (./main.lot)
\tf@lot=\write5
\openout5 = `main.lot'.



[6

] (./main.lof
Overfull \hbox (19.56596pt too wide) in paragraph at lines 7--7
 \OT1/cmr/m/n/12 me-nun-jukk-an ba-tas area pe-ne-li-ti-an ($122[]4[]41[]$ BB hing-ga $121[]34[]31[]$ 
 []



[7

]
Overfull \hbox (3.36131pt too wide) in paragraph at lines 14--14
 \OT1/cmr/m/n/12 ke-las ta-nam-an tar-get ($\OMS/cmsy/m/n/12 ^^U$\OT1/cmr/m/n/12 1% ca-kup-an) dan ke-las \OT1/cmr/m/it/12 bac-kgro-und \OT1/cmr/m/n/12 (abu- 
 []


Overfull \hbox (1.40048pt too wide) in paragraph at lines 17--17
 [][] [][]\OT1/cmr/m/n/12 Perbandingan pro-fil NDVI per ke-las ta-nam-an antar-tahun (2022, 
 []



[8])
\tf@lof=\write6
\openout6 = `main.lof'.



[9]
Bab 1.
(./chapters/introduction.tex

Package natbib Warning: Citation `chen2018deeplabv3' on page 10 undefined on input line 12.



[10

]
Overfull \hbox (1.43895pt too wide) in paragraph at lines 24--25
\OT1/cmr/m/n/12 mer pa-da ti-ga kon-fi-gu-ra-si in-put yang ber-be-da: \OT1/cmr/m/it/12 single-date\OT1/cmr/m/n/12 , \OT1/cmr/m/it/12 multi-temporal
 []


Overfull \hbox (5.33891pt too wide) in paragraph at lines 30--31
\OT1/cmr/m/n/12 nam-an de-ngan mem-ban-dingk-an kon-fi-gu-ra-si \OT1/cmr/m/it/12 single-date \OT1/cmr/m/n/12 dan \OT1/cmr/m/it/12 multi-temporal
 []



[11]
Overfull \hbox (0.82703pt too wide) in paragraph at lines 38--39
[]\OT1/cmr/bx/n/12 Data\OT1/cmr/m/n/12 : Pe-ne-li-ti-an meng-gu-nak-an ci-tra Sentinel-2 Sur-fa-ce Re-fle-ctan-ce (CO-
 []



[12]

[13{/usr/local/texlive/2025/texmf-dist/fonts/enc/dvips/cm-super/cm-super-ts1.enc}])

[14]
Bab 2.
(./chapters/literature_review.tex
Overfull \hbox (13.06964pt too wide) in paragraph at lines 2--4
\OT1/cmr/m/n/12 kup ber-ba-gai ben-tuk se-per-ti kla-si-fi-ka-si multi-kelas, pe-me-ta-an bi-ner \OT1/cmr/m/it/12 cropland/non-
 []


Overfull \hbox (0.30865pt too wide) in paragraph at lines 5--8
[]\OT1/cmr/m/n/12 Selama dua de-ka-de ter-a-khir, pe-me-ta-an ta-nam-an ber-ba-sis ci-tra sa-te-lit meng-
 []



[15

]
Underfull \hbox (badness 3568) in paragraph at lines 35--35
[]|\OT1/cmr/m/n/12 Kesehatan ve-ge-ta-si, re-flek-
 []



[16]

[17]

[18]

[19]
<figures/arch_deeplabv3+.png, id=652, 955.57pt x 506.89375pt>
File: figures/arch_deeplabv3+.png Graphic file (type png)
<use figures/arch_deeplabv3+.png>
Package pdftex.def Info: figures/arch_deeplabv3+.png  used on input line 113.
(pdftex.def)             Requested size: 338.59023pt x 179.60435pt.


[20 <./figures/arch_deeplabv3+.png>]
<figures/arch_segformer.png, id=664, 1047.915pt x 558.085pt>
File: figures/arch_segformer.png Graphic file (type png)
<use figures/arch_segformer.png>
Package pdftex.def Info: figures/arch_segformer.png  used on input line 126.
(pdftex.def)             Requested size: 338.59023pt x 180.31953pt.

Overfull \hbox (0.8975pt too wide) in paragraph at lines 131--133
[]\OT1/cmr/m/n/12 Keunggulan \OT1/cmr/m/it/12 self-attention \OT1/cmr/m/n/12 pa-da Se-gFor-mer ada-lah ke-mam-pu-an-nya me-nang-
 []



[21 <./figures/arch_segformer.png>]
Underfull \hbox (badness 1014) in paragraph at lines 167--167
\OT1/cmr/m/n/10 (fo-kus pa-da chan-nel dan spa-si-al).
 []


Underfull \hbox (badness 3364) in paragraph at lines 167--167
[]|\OT1/cmr/m/n/10 Menentukan fa-se fe-no-lo-gis meng-
 []


Underfull \hbox (badness 2165) in paragraph at lines 167--167
\OT1/cmr/m/n/10 gu-nak-an Glo-bal Se-pa-ra-tion In-dex
 []


Underfull \hbox (badness 1337) in paragraph at lines 167--167
\OT1/cmr/m/n/10 (GSI). Meng-u-ji U-Net, U-Net++,
 []


Underfull \hbox (badness 3302) in paragraph at lines 167--167
[]|\OT1/cmr/m/n/10 Random Fo-rest Clas-si-fi-er de-ngan
 []


Underfull \hbox (badness 5563) in paragraph at lines 167--167
\OT1/cmr/m/n/10 9 band Sentinel-2A. Eks-pe-ri-men
 []


Underfull \hbox (badness 3078) in paragraph at lines 167--167
[]|\OT1/cmr/bx/n/10 Kelebihan: \OT1/cmr/m/n/10 Mem-be-rik-an tin-ja-u-
 []


Underfull \hbox (badness 10000) in paragraph at lines 167--167
[]|\OT1/cmr/m/n/10 Algoritma His-to-gram Ma-tching
 []


Underfull \hbox (badness 3557) in paragraph at lines 167--167
\OT1/cmr/m/n/10 temporal se-be-lum di-la-tih de-ngan
 []


Underfull \hbox (badness 2158) in paragraph at lines 167--167
[]|\OT1/cmr/m/n/10 Eksperimen kom-pa-ra-tif CNN 2D,
 []


Underfull \hbox (badness 4940) in paragraph at lines 167--167
\OT1/cmr/m/n/10 CNN 3D/ConvLSTM, dan RNN
 []


Underfull \hbox (badness 10000) in paragraph at lines 167--167
\OT1/cmr/m/n/10 LS-TM meng-gu-nak-an kom-bi-na-si
 []


Underfull \hbox (badness 10000) in paragraph at lines 167--167
[]|\OT1/cmr/bx/n/10 Kelebihan: \OT1/cmr/m/n/10 Aku-ra-si men-ca-pai
 []


Underfull \hbox (badness 6808) in paragraph at lines 167--167
\OT1/cmr/m/n/10 98,54% de-ngan me-nang-kap po-la
 []


Underfull \hbox (badness 10000) in paragraph at lines 167--167
\OT1/cmr/m/n/10 tem-po-ral dan spa-si-al se-ka-li-gus.
 []


Underfull \hbox (badness 1436) in paragraph at lines 167--167
\OT1/cmr/m/n/10 ni-fik-an. \OT1/cmr/bx/n/10 Ke-ku-rang-an: \OT1/cmr/m/n/10 Ber-i-si-ko
 []



[22]
Overfull \vbox (159.13568pt too high) has occurred while \output is active []



[23])

[24]
Bab 3.
(./chapters/methodology.tex
<figures/study_area_map.png, id=733, 856.19875pt x 532.99126pt>
File: figures/study_area_map.png Graphic file (type png)
<use figures/study_area_map.png>
Package pdftex.def Info: figures/study_area_map.png  used on input line 8.
(pdftex.def)             Requested size: 398.3386pt x 247.96849pt.


[25

 <./figures/study_area_map.png>]

[26]

[27]
<figures/s2_rgb_temporal.png, id=755, 1148.73164pt x 728.4816pt>
File: figures/s2_rgb_temporal.png Graphic file (type png)
<use figures/s2_rgb_temporal.png>
Package pdftex.def Info: figures/s2_rgb_temporal.png  used on input line 89.
(pdftex.def)             Requested size: 398.3386pt x 252.60474pt.


[28 <./figures/s2_rgb_temporal.png>]
<figures/s2_band_grid.png, id=764, 1141.1433pt x 782.32275pt>
File: figures/s2_band_grid.png Graphic file (type png)
<use figures/s2_band_grid.png>
Package pdftex.def Info: figures/s2_band_grid.png  used on input line 101.
(pdftex.def)             Requested size: 398.3386pt x 273.08888pt.


[29 <./figures/s2_band_grid.png>]
<figures/s2_ndvi_temporal.png, id=773, 931.92165pt x 353.03896pt>
File: figures/s2_ndvi_temporal.png Graphic file (type png)
<use figures/s2_ndvi_temporal.png>
Package pdftex.def Info: figures/s2_ndvi_temporal.png  used on input line 121.
(pdftex.def)             Requested size: 398.3386pt x 150.90416pt.
<figures/s2_ndvi_per_class.png, id=775, 1004.19165pt x 425.6703pt>
File: figures/s2_ndvi_per_class.png Graphic file (type png)
<use figures/s2_ndvi_per_class.png>
Package pdftex.def Info: figures/s2_ndvi_per_class.png  used on input line 134.
(pdftex.def)             Requested size: 398.3386pt x 168.84914pt.

Overfull \hbox (0.7156pt too wide) in paragraph at lines 140--144
\OT1/cmr/m/n/12 Gambar []3.6[] me-nam-pilk-an rata-rata ni-lai re-flek-tan-si un-tuk se-ti-ap band Sentinel-
 []



[30 <./figures/s2_ndvi_temporal.png>]
<figures/s2_spectral_profile.png, id=784, 859.65166pt x 353.03896pt>
File: figures/s2_spectral_profile.png Graphic file (type png)
<use figures/s2_spectral_profile.png>
Package pdftex.def Info: figures/s2_spectral_profile.png  used on input line 147.
(pdftex.def)             Requested size: 398.3386pt x 163.5904pt.
<figures/s2_data_coverage.png, id=786, 1004.19165pt x 280.76895pt>
File: figures/s2_data_coverage.png Graphic file (type png)
<use figures/s2_data_coverage.png>
Package pdftex.def Info: figures/s2_data_coverage.png  used on input line 160.
(pdftex.def)             Requested size: 398.3386pt x 111.37163pt.


[31 <./figures/s2_ndvi_per_class.png>]

[32 <./figures/s2_spectral_profile.png> <./figures/s2_data_coverage.png>]
<figures/cdl_label_map.png, id=801, 686.565pt x 682.9515pt>
File: figures/cdl_label_map.png Graphic file (type png)
<use figures/cdl_label_map.png>
Package pdftex.def Info: figures/cdl_label_map.png  used on input line 180.
(pdftex.def)             Requested size: 398.3386pt x 396.2372pt.

Overfull \hbox (28.7279pt too wide) in alignment at lines 190--195
 [] [] [] [] [] [] 
 []


Overfull \hbox (28.7279pt too wide) in alignment at lines 195--201
 [] [] [] [] [] [] 
 []


Overfull \hbox (28.7279pt too wide) in alignment at lines 201--204
 [] [] [] [] [] [] 
 []


Overfull \hbox (28.7279pt too wide) in alignment at lines 204--206
 [] [] [] [] [] [] 
 []


Overfull \hbox (28.7279pt too wide) in alignment at lines 206--241
 [] [] [] [] [] [] 
 []

[33]
<figures/cdl_class_distribution_area.png, id=810, 787.38165pt x 569.4876pt>
File: figures/cdl_class_distribution_area.png Graphic file (type png)
<use figures/cdl_class_distribution_area.png>
Package pdftex.def Info: figures/cdl_class_distribution_area.png  used on input line 266.
(pdftex.def)             Requested size: 398.3386pt x 288.106pt.


[34]

[35 <./figures/cdl_label_map.png>]

[36 <./figures/cdl_class_distribution_area.png>]
<figures/cdl_class_selection_strategy.png, id=827, 1239.6714pt x 761.244pt>
File: figures/cdl_class_selection_strategy.png Graphic file (type png)
<use figures/cdl_class_selection_strategy.png>
Package pdftex.def Info: figures/cdl_class_selection_strategy.png  used on input line 278.
(pdftex.def)             Requested size: 398.3386pt x 244.602pt.

Underfull \hbox (badness 10000) in paragraph at lines 309--309
[]|\OT1/cmr/m/n/12 Other Hay/Non
 []


Underfull \hbox (badness 10000) in paragraph at lines 309--309
[]|\OT1/cmr/m/n/12 Background
 []


Underfull \hbox (badness 10000) in paragraph at lines 309--309
\OT1/cmr/m/n/12 (Fa-llow/Idle,
 []


Underfull \hbox (badness 10000) in paragraph at lines 309--309
\OT1/cmr/m/n/12 non-pertanian,
 []



[37 <./figures/cdl_class_selection_strategy.png>]
Overfull \hbox (11.8801pt too wide) in paragraph at lines 325--328
[]\OT1/cmr/bx/n/12 Ketidakseimbangan ke-las yang da-pat di-ta-nga-ni. \OT1/cmr/m/n/12 De-ngan \OT1/cmr/m/it/12 Fa-llow/Idle
 []



[38]
Overfull \hbox (1.89491pt too wide) in paragraph at lines 342--344
\OT1/cmr/m/n/12 Citra di-kom-po-sitk-an se-ca-ra tem-po-ral meng-gu-nak-an fung-si \OT1/cmr/m/it/12 me-di-an re-du-cer \OT1/cmr/m/n/12 GEE
 []



[39]
<figures/s2_ndvi_year_comparison.png, id=854, 1294.0345pt x 879.285pt>
File: figures/s2_ndvi_year_comparison.png Graphic file (type png)
<use figures/s2_ndvi_year_comparison.png>
Package pdftex.def Info: figures/s2_ndvi_year_comparison.png  used on input line 403.
(pdftex.def)             Requested size: 398.3386pt x 270.65694pt.


[40]

[41]

[42 <./figures/s2_ndvi_year_comparison.png>]

[43]
Overfull \hbox (19.16046pt too wide) in paragraph at lines 477--479
\OT1/cmr/m/n/12 Band-band ter-pi-lih di-simp-an da-lam for-mat \OT1/cmtt/m/n/12 BAND[]YYYYMMDD \OT1/cmr/m/n/12 (con-toh: \OT1/cmtt/m/n/12 B4[]20220730\OT1/cmr/m/n/12 )
 []



[44]

[45]

Package natbib Warning: Citation `chen2018deeplabv3' on page 46 undefined on input line 532.



[46]
Overfull \hbox (0.74907pt too wide) in paragraph at lines 551--552
\OT1/cmr/m/n/12 SegFormer meng-gu-nak-an ar-si-tek-tur \OT1/cmr/m/it/12 encoder-decoder \OT1/cmr/m/n/12 ber-ba-sis \OT1/cmr/m/it/12 Tran-sfor-mer \OT1/cmr/m/n/12 tan-
 []


LaTeX Warning: Reference `subsec:band_selection' on page 47 undefined on input line 571.



[47]

[48]

[49])

[50]
Bab 4.
(./chapters/results.tex
Overfull \hbox (42.51732pt too wide) in paragraph at lines 32--32
[]|\OT1/cmr/bx/n/12 Eksperimen| 
 []


Overfull \hbox (85.26616pt too wide) in paragraph at lines 32--32
[]|[]| 
 []


Overfull \hbox (132.2615pt too wide) in paragraph at lines 32--32
[]|[]| 
 []


Overfull \hbox (151.81825pt too wide) in paragraph at lines 32--32
[]|[]| 
 []



[51

]

[52]
<figures/per_crop_iou_comparison.png, id=955, 867.24pt x 433.62pt>
File: figures/per_crop_iou_comparison.png Graphic file (type png)
<use figures/per_crop_iou_comparison.png>
Package pdftex.def Info: figures/per_crop_iou_comparison.png  used on input line 103.
(pdftex.def)             Requested size: 398.3386pt x 199.16988pt.


[53 <./figures/per_crop_iou_comparison.png>]
Overfull \hbox (7.87128pt too wide) in paragraph at lines 122--126
[]\OT1/cmr/bx/n/12 Kelas Mi-no-ri-tas dan Ta-nam-an Sa-yur-an (\OT1/cmr/bx/it/12 To-ma-to-es\OT1/cmr/bx/n/12 , \OT1/cmr/bx/it/12 Plums\OT1/cmr/bx/n/12 , \OT1/cmr/bx/it/12 Other
 []



[54]
Underfull \hbox (badness 10000) in paragraph at lines 173--173
[]|\OT1/cmr/m/n/12 05/16, 06/30,
 []


Underfull \hbox (badness 10000) in paragraph at lines 173--173
[]|\OT1/cmr/m/n/12 03/17, 04/01,
 []



[55]
<figures/stage1_joint_score.png, id=979, 642.7212pt x 5555.6358pt>
File: figures/stage1_joint_score.png Graphic file (type png)
<use figures/stage1_joint_score.png>
Package pdftex.def Info: figures/stage1_joint_score.png  used on input line 240.
(pdftex.def)             Requested size: 378.42044pt x 3271.01506pt.


[56]

[57]
Overfull \vbox (2635.68472pt too high) has occurred while \output is active []



[58 <./figures/stage1_joint_score.png>]
<figures/stage1_rf_importance.png, id=994, 643.203pt x 352.1958pt>
File: figures/stage1_rf_importance.png Graphic file (type png)
<use figures/stage1_rf_importance.png>
Package pdftex.def Info: figures/stage1_rf_importance.png  used on input line 250.
(pdftex.def)             Requested size: 378.42044pt x 207.21332pt.
<figures/stage1v2_siglobal_heatmap.png, id=996, 828.2142pt x 424.4658pt>
File: figures/stage1v2_siglobal_heatmap.png Graphic file (type png)
<use figures/stage1v2_siglobal_heatmap.png>
Package pdftex.def Info: figures/stage1v2_siglobal_heatmap.png  used on input line 259.
(pdftex.def)             Requested size: 378.42044pt x 193.94832pt.


[59 <./figures/stage1_rf_importance.png> <./figures/stage1v2_siglobal_heatmap.png>]
<figures/stage2_forward_selection.png, id=1004, 712.5822pt x 352.6776pt>
File: figures/stage2_forward_selection.png Graphic file (type png)
<use figures/stage2_forward_selection.png>
Package pdftex.def Info: figures/stage2_forward_selection.png  used on input line 274.
(pdftex.def)             Requested size: 358.50229pt x 177.43617pt.
<figures/dlv3_expa_curve.png, id=1007, 867.24pt x 289.08pt>
File: figures/dlv3_expa_curve.png Graphic file (type png)
<use figures/dlv3_expa_curve.png>
Package pdftex.def Info: figures/dlv3_expa_curve.png  used on input line 289.
(pdftex.def)             Requested size: 338.59023pt x 112.86424pt.
<figures/dlv3_expb_curve.png, id=1008, 867.24pt x 289.08pt>
File: figures/dlv3_expb_curve.png Graphic file (type png)
<use figures/dlv3_expb_curve.png>
Package pdftex.def Info: figures/dlv3_expb_curve.png  used on input line 295.
(pdftex.def)             Requested size: 338.59023pt x 112.86424pt.
<figures/dlv3_expc_curve.png, id=1009, 867.24pt x 289.08pt>
File: figures/dlv3_expc_curve.png Graphic file (type png)
<use figures/dlv3_expc_curve.png>
Package pdftex.def Info: figures/dlv3_expc_curve.png  used on input line 301.
(pdftex.def)             Requested size: 338.59023pt x 112.86424pt.


[60 <./figures/stage2_forward_selection.png>]
<figures/sf_expa_curve.png, id=1016, 867.24pt x 289.08pt>
File: figures/sf_expa_curve.png Graphic file (type png)
<use figures/sf_expa_curve.png>
Package pdftex.def Info: figures/sf_expa_curve.png  used on input line 312.
(pdftex.def)             Requested size: 338.59023pt x 112.86424pt.
<figures/sf_expb_curve.png, id=1017, 867.24pt x 289.08pt>
File: figures/sf_expb_curve.png Graphic file (type png)
<use figures/sf_expb_curve.png>
Package pdftex.def Info: figures/sf_expb_curve.png  used on input line 318.
(pdftex.def)             Requested size: 338.59023pt x 112.86424pt.
<figures/sf_expc_curve.png, id=1018, 867.24pt x 289.08pt>
File: figures/sf_expc_curve.png Graphic file (type png)
<use figures/sf_expc_curve.png>
Package pdftex.def Info: figures/sf_expc_curve.png  used on input line 324.
(pdftex.def)             Requested size: 338.59023pt x 112.86424pt.


[61 <./figures/dlv3_expa_curve.png> <./figures/dlv3_expb_curve.png> <./figures/dlv3_expc_curve.png>]
<figures/dlv3_expa_map.png, id=1029, 1149.093pt x 599.3592pt>
File: figures/dlv3_expa_map.png Graphic file (type png)
<use figures/dlv3_expa_map.png>
Package pdftex.def Info: figures/dlv3_expa_map.png  used on input line 339.
(pdftex.def)             Requested size: 338.59023pt x 176.60823pt.
<figures/dlv3_expb_map.png, id=1030, 1149.093pt x 599.3592pt>
File: figures/dlv3_expb_map.png Graphic file (type png)
<use figures/dlv3_expb_map.png>
Package pdftex.def Info: figures/dlv3_expb_map.png  used on input line 345.
(pdftex.def)             Requested size: 338.59023pt x 176.60823pt.
<figures/dlv3_expc_map.png, id=1031, 1149.093pt x 599.3592pt>
File: figures/dlv3_expc_map.png Graphic file (type png)
<use figures/dlv3_expc_map.png>
Package pdftex.def Info: figures/dlv3_expc_map.png  used on input line 351.
(pdftex.def)             Requested size: 338.59023pt x 176.60823pt.

Underfull \hbox (badness 3009) in paragraph at lines 354--354
[]\OT1/cmr/m/n/12 Gambar 4.8: |Pe-ta se-gmen-ta-si pe-nuh set uji meng-gu-nak-an De-e-pLa-
 []



[62 <./figures/sf_expa_curve.png> <./figures/sf_expb_curve.png> <./figures/sf_expc_curve.png>]
<figures/sf_expa_map.png, id=1039, 1149.093pt x 599.3592pt>
File: figures/sf_expa_map.png Graphic file (type png)
<use figures/sf_expa_map.png>
Package pdftex.def Info: figures/sf_expa_map.png  used on input line 362.
(pdftex.def)             Requested size: 338.59023pt x 176.60823pt.
<figures/sf_expb_map.png, id=1040, 1149.093pt x 599.3592pt>
File: figures/sf_expb_map.png Graphic file (type png)
<use figures/sf_expb_map.png>
Package pdftex.def Info: figures/sf_expb_map.png  used on input line 368.
(pdftex.def)             Requested size: 338.59023pt x 176.60823pt.
<figures/sf_expc_map.png, id=1041, 1149.093pt x 599.3592pt>
File: figures/sf_expc_map.png Graphic file (type png)
<use figures/sf_expc_map.png>
Package pdftex.def Info: figures/sf_expc_map.png  used on input line 374.
(pdftex.def)             Requested size: 338.59023pt x 176.60823pt.


[63 <./figures/dlv3_expa_map.png> <./figures/dlv3_expb_map.png> <./figures/dlv3_expc_map.png>]

[64 <./figures/sf_expa_map.png> <./figures/sf_expb_map.png> <./figures/sf_expc_map.png>]

[65]
Overfull \hbox (56.3948pt too wide) in paragraph at lines 426--438
 [][] 
 []

)

[66]
Bab 5.
(./chapters/conclusion.tex

[67

]

[68]
Overfull \hbox (4.23535pt too wide) in paragraph at lines 42--44
[]\OT1/cmr/bx/n/12 Eksplorasi Ar-si-tek-tur \OT1/cmr/bx/it/12 Hybrid \OT1/cmr/bx/n/12 CNN-Transformer. \OT1/cmr/m/n/12 Meng-i-ngat CNN
 []

) (./main.bbl

[69]

[70

]

[71])

Package natbib Warning: There were undefined citations.



[72] (./main.aux)
 ***********
LaTeX2e <2024-11-01> patch level 2
L3 programming layer <2025-01-18>
 ***********


LaTeX Warning: There were undefined references.

Package rerunfilecheck Info: File `main.out' has not changed.
(rerunfilecheck)             Checksum: FF0D14C46D4B35C2B90915AC1FC8FE19;12181.
 ) 
Here is how much of TeX's memory you used:
 14568 strings out of 473190
 234567 string characters out of 5715800
 668533 words of memory out of 5000000
 37323 multiletter control sequences out of 15000+600000
 569816 words of font info for 78 fonts, out of 8000000 for 9000
 1141 hyphenation exceptions out of 8191
 75i,11n,79p,981b,649s stack positions out of 10000i,1000n,20000p,200000b,200000s
</usr/local/texlive/2025/texmf-dist/fonts/type1/public/amsfonts/cm/cmbx10.pfb></usr/local/texlive/2025/texmf-dist/fonts/type1/public/amsfonts/cm/cmbx12.pfb></usr/local/texlive/2025/texmf-dist/fonts/type1/public/amsfonts/cm/cmbxti10.pfb></usr/local/texlive/2025/texmf-dist/fonts/type1/public/amsfonts/cm/cmex10.pfb></usr/local/texlive/2025/texmf-dist/fonts/type1/public/amsfonts/cm/cmmi12.pfb></usr/local/texlive/2025/texmf-dist/fonts/type1/public/amsfonts/cm/cmmi6.pfb></usr/local/texlive/2025/texmf-dist/fonts/type1/public/amsfonts/cm/cmmi8.pfb></usr/local/texlive/2025/texmf-dist/fonts/type1/public/amsfonts/cm/cmr10.pfb></usr/local/texlive/2025/texmf-dist/fonts/type1/public/amsfonts/cm/cmr12.pfb></usr/local/texlive/2025/texmf-dist/fonts/type1/public/amsfonts/cm/cmr8.pfb></usr/local/texlive/2025/texmf-dist/fonts/type1/public/amsfonts/cm/cmsy10.pfb></usr/local/texlive/2025/texmf-dist/fonts/type1/public/amsfonts/cm/cmsy6.pfb></usr/local/texlive/2025/texmf-dist/fonts/type1/public/amsfonts/cm/cmsy8.pfb></usr/local/texlive/2025/texmf-dist/fonts/type1/public/amsfonts/cm/cmti10.pfb></usr/local/texlive/2025/texmf-dist/fonts/type1/public/amsfonts/cm/cmti12.pfb></usr/local/texlive/2025/texmf-dist/fonts/type1/public/amsfonts/cm/cmtt12.pfb></usr/local/texlive/2025/texmf-dist/fonts/type1/public/amsfonts/symbols/msam10.pfb></usr/local/texlive/2025/texmf-dist/fonts/type1/public/cm-super/sfrm1200.pfb>
Output written on main.pdf (73 pages, 29440816 bytes).
PDF statistics:
 1248 PDF objects out of 1440 (max. 8388607)
 1044 compressed objects within 11 object streams
 291 named destinations out of 1000 (max. 500000)
 687 words of extra memory for PDF output out of 10000 (max. 10000000)

